<?xml version='1.0' encoding='utf-8'?>
<!DOCTYPE hibernate-configuration PUBLIC
        "-//Hibernate/Hibernate Configuration DTD 3.0//EN"
        "http://hibernate.sourceforge.net/hibernate-configuration-3.0.dtd">
  
<hibernate-configuration>
    <session-factory>
        <!-- Database connection settings -->
        <property name="current_session_context_class">thread</property>
      <!--  <property name="cache.provider_class">org.hibernate.cache.NoCacheProvider</property>-->
        <property name="hibernate.connection.driver_class">org.h2.Driver</property>
        <property name="hibernate.dialect">org.hibernate.dialect.H2Dialect</property>
		<property name="hibernate.connection.url">jdbc:h2:mem:test</property>
		<property name="hibernate.hbm2ddl.auto">create-drop</property>
		<property name="show_sql">false</property>
		<property name="format_sql">false</property>


		<!-- Resource mapping -->
		<mapping package="com.elitecore.nvsmx.policydesigner.model" />
		<mapping class="com.elitecore.corenetvertex.sm.acl.StaffData"/>
		<mapping class="com.elitecore.corenetvertex.sm.acl.StaffProfilePictureData"/>
		<mapping class="com.elitecore.corenetvertex.pkg.PkgData"/>
		<mapping class="com.elitecore.corenetvertex.pkg.pccrule.PCCRuleData"/>
		<mapping class="com.elitecore.corenetvertex.pkg.ratinggroup.RatingGroupData"/>
		<mapping class="com.elitecore.corenetvertex.pkg.ratinggroup.RatingGroupDataExt"/>
		<mapping class="com.elitecore.corenetvertex.pkg.dataservicetype.ServiceDataFlowData"/>
		<mapping class="com.elitecore.corenetvertex.pkg.dataservicetype.DataServiceTypeData"/>
		<mapping class="com.elitecore.corenetvertex.pkg.dataservicetype.DataServiceTypeDataExt"/>
		<mapping class="com.elitecore.corenetvertex.pkg.dataservicetype.DefaultServiceDataFlowData"/>
		<mapping class="com.elitecore.corenetvertex.pkg.dataservicetype.DefaultServiceDataFlowExt"/>

		<mapping class="com.elitecore.corenetvertex.sm.acl.RoleData"/>
		<mapping class="com.elitecore.corenetvertex.sm.acl.GroupData"/>
		<mapping class="com.elitecore.corenetvertex.sm.acl.RoleModuleActionData"/>
		<mapping class="com.elitecore.corenetvertex.sm.audit.AuditData"/>
		<mapping class="com.elitecore.corenetvertex.sm.acl.StaffGroupRoleRelData"/>
		<!--Topup data-->
		<mapping class="com.elitecore.corenetvertex.pd.topup.DataTopUpData"/>
		<mapping class="com.elitecore.corenetvertex.pd.notification.TopUpNotificationData"/>

		<!--Revenue Detail Data-->
		<mapping class="com.elitecore.corenetvertex.pd.revenuedetail.RevenueDetailData" />
		

  </session-factory>
</hibernate-configuration>